<?xml version="1.0" encoding="UTF-8"?>
<!-- Generated by org.testng.reporters.JUnitReportReporter -->
<testsuite hostname="jeykee" failures="0" tests="1" name="com.datadriver.org.HardAssert" time="0.011" errors="0" timestamp="2021-10-15T13:14:57 IST" skipped="0">
  <testcase classname="com.datadriver.org.HardAssert" name="userNameValidation" time="0.011"/>
  <system-out/>
</testsuite> <!-- com.datadriver.org.HardAssert -->
