<?xml version="1.0" encoding="UTF-8"?>
<!-- Generated by org.testng.reporters.JUnitReportReporter -->
<testsuite hostname="jeykee" failures="0" tests="2" name="com.datadriver.org.IgnoreTest" time="0.013" errors="0" timestamp="2021-10-08T12:05:19 IST" skipped="0">
  <testcase classname="com.datadriver.org.IgnoreTest" name="searchCarChargingAdaptor" time="0.011"/>
  <system-out/>
  <testcase classname="com.datadriver.org.IgnoreTest" name="searchPowerBank" time="0.002"/>
  <system-out/>
</testsuite> <!-- com.datadriver.org.IgnoreTest -->
