<?xml version="1.0" encoding="UTF-8"?>
<!-- Generated by org.testng.reporters.JUnitReportReporter -->
<testsuite hostname="jeykee" failures="0" tests="1" name="com.datadriver.org.ExeptionTest" time="0.014" errors="0" timestamp="2021-10-13T10:22:25 IST" skipped="0">
  <testcase classname="com.datadriver.org.ExeptionTest" name="test" time="0.014"/>
  <system-out/>
</testsuite> <!-- com.datadriver.org.ExeptionTest -->
