<?xml version="1.0" encoding="UTF-8"?>
<!-- Generated by org.testng.reporters.JUnitReportReporter -->
<testsuite hostname="jeykee" failures="0" tests="1" name="com.datadriver.org.AssertDemo" time="0.016" errors="0" timestamp="2021-10-15T12:33:59 IST" skipped="0">
  <testcase classname="com.datadriver.org.AssertDemo" name="test1" time="0.016"/>
  <system-out/>
</testsuite> <!-- com.datadriver.org.AssertDemo -->
