<?xml version="1.0" encoding="UTF-8"?>
<!-- Generated by org.testng.reporters.JUnitReportReporter -->
<testsuite hostname="jeykee" failures="0" tests="2" name="com.datadriver.org.ParallelTest" time="54.780" errors="0" timestamp="2021-10-15T12:25:13 IST" skipped="0">
  <testcase classname="com.datadriver.org.ParallelTest" name="boat" time="29.308"/>
  <system-out/>
  <testcase classname="com.datadriver.org.ParallelTest" name="realme" time="25.472"/>
  <system-out/>
</testsuite> <!-- com.datadriver.org.ParallelTest -->
