<?xml version="1.0" encoding="UTF-8"?>
<!-- Generated by org.testng.reporters.JUnitReportReporter -->
<testsuite hostname="jeykee" failures="0" tests="1" name="com.datadriver.org.ParameterTest" time="0.012" errors="0" timestamp="2021-10-15T12:02:27 IST" skipped="0">
  <testcase classname="com.datadriver.org.ParameterTest" name="logIn" time="0.012"/>
  <system-out/>
</testsuite> <!-- com.datadriver.org.ParameterTest -->
