<?xml version="1.0" encoding="UTF-8"?>
<!-- Generated by org.testng.reporters.JUnitReportReporter -->
<testsuite hostname="jeykee" failures="0" tests="2" name="com.datadriver.org.SimpleAnnotations" time="0.047" errors="0" timestamp="2021-10-08T11:53:40 IST" skipped="0">
  <testcase classname="com.datadriver.org.SimpleAnnotations" name="searchAirdopes" time="0.028"/>
  <system-out/>
  <testcase classname="com.datadriver.org.SimpleAnnotations" name="searchBtSpeaker" time="0.019"/>
  <system-out/>
</testsuite> <!-- com.datadriver.org.SimpleAnnotations -->
