<?xml version="1.0" encoding="UTF-8"?>
<!-- Generated by org.testng.reporters.JUnitReportReporter -->
<testsuite hostname="jeykee" failures="0" tests="3" name="com.datadriver.org.IncovationTest" time="0.022" errors="0" timestamp="2021-10-13T10:19:20 IST" skipped="0">
  <testcase classname="com.datadriver.org.IncovationTest" name="searchGuitar" time="0.002"/>
  <system-out/>
  <testcase classname="com.datadriver.org.IncovationTest" name="searchGuitar" time="0.018"/>
  <system-out/>
  <testcase classname="com.datadriver.org.IncovationTest" name="searchWaterBottle" time="0.002"/>
  <system-out/>
</testsuite> <!-- com.datadriver.org.IncovationTest -->
