<?xml version="1.0" encoding="UTF-8"?>
<!-- Generated by org.testng.reporters.JUnitReportReporter -->
<testsuite hostname="jeykee" failures="0" tests="3" name="com.datadriver.org.DataProviderTest" time="0.021" errors="0" timestamp="2021-10-15T12:15:20 IST" skipped="0">
  <testcase classname="com.datadriver.org.DataProviderTest" name="logIn" time="0.002"/>
  <system-out/>
  <testcase classname="com.datadriver.org.DataProviderTest" name="logIn" time="0.017"/>
  <system-out/>
  <testcase classname="com.datadriver.org.DataProviderTest" name="logIn" time="0.002"/>
  <system-out/>
</testsuite> <!-- com.datadriver.org.DataProviderTest -->
