<?xml version="1.0" encoding="UTF-8"?>
<!-- Generated by org.testng.reporters.JUnitReportReporter -->
<testsuite hostname="jeykee" failures="0" tests="6" name="com.datadriver.org.GroupTest" time="0.026" errors="0" timestamp="2021-10-15T11:41:27 IST" skipped="0">
  <testcase classname="com.datadriver.org.GroupTest" name="git" time="0.002"/>
  <system-out/>
  <testcase classname="com.datadriver.org.GroupTest" name="selenium1" time="0.004"/>
  <system-out/>
  <testcase classname="com.datadriver.org.GroupTest" name="selenium11" time="0.002"/>
  <system-out/>
  <testcase classname="com.datadriver.org.GroupTest" name="api11" time="0.005"/>
  <system-out/>
  <testcase classname="com.datadriver.org.GroupTest" name="api1" time="0.011"/>
  <system-out/>
  <testcase classname="com.datadriver.org.GroupTest" name="git1" time="0.002"/>
  <system-out/>
</testsuite> <!-- com.datadriver.org.GroupTest -->
